*** Starting uWSGI 2.0.18 (64bit) on [Sat Nov 23 22:42:20 2019] ***
compiled with version: 4.8.5 20150623 (Red Hat 4.8.5-16) on 23 November 2019 09:20:34
os: Linux-3.10.0-693.el7.x86_64 #1 SMP Tue Aug 22 21:09:27 UTC 2017
nodename: cu02
machine: x86_64
clock source: unix
pcre jit disabled
detected number of CPU cores: 16
current working directory: /data02/chengjian19/HCI/sjc/HCIWeb/HCI
detected binary path: /data02/chengjian19/anaconda3/envs/HCIWeb/bin/uwsgi
chdir() to /data02/chengjian19/HCI/sjc/HCIWeb/HCI/
*** WARNING: you are running uWSGI without its master process manager ***
your processes number limit is 4096
your memory page size is 4096 bytes
detected max file descriptor number: 1024
building mime-types dictionary from file /etc/mime.types...1060 entry found
lock engine: pthread robust mutexes
thunder lock: disabled (you can enable it with --thunder-lock)
uWSGI http bound on 0.0.0.0:18413 fd 4
spawned uWSGI http 1 (pid: 15964)
uwsgi socket 0 bound to TCP address 127.0.0.1:45551 (port auto-assigned) fd 3
Python version: 3.6.7 | packaged by conda-forge | (default, Nov  6 2019, 16:19:42)  [GCC 7.3.0]
*** Python threads support is disabled. You can enable it with --enable-threads ***
Python main interpreter initialized at 0x14a3920
your server socket listen backlog is limited to 100 connections
your mercy for graceful operations on workers is 60 seconds
mapped 291680 bytes (284 KB) for 4 cores
*** Operational MODE: preforking ***
WSGI app 0 (mountpoint='') ready in 1 seconds on interpreter 0x14a3920 pid: 15963 (default app)
mountpoint  already configured. skip.
*** uWSGI is running in multiple interpreter mode ***
spawned uWSGI worker 1 (pid: 15963, cores: 1)
spawned uWSGI worker 2 (pid: 15966, cores: 1)
spawned uWSGI worker 3 (pid: 15967, cores: 1)
spawned uWSGI worker 4 (pid: 15968, cores: 1)
*** Starting uWSGI 2.0.18 (64bit) on [Sat Nov 23 22:47:20 2019] ***
compiled with version: 4.8.5 20150623 (Red Hat 4.8.5-16) on 23 November 2019 09:20:34
os: Linux-3.10.0-693.el7.x86_64 #1 SMP Tue Aug 22 21:09:27 UTC 2017
nodename: cu02
machine: x86_64
clock source: unix
pcre jit disabled
detected number of CPU cores: 16
current working directory: /data02/chengjian19/HCI/sjc/HCIWeb/HCI
detected binary path: /data02/chengjian19/anaconda3/envs/HCIWeb/bin/uwsgi
chdir() to /data02/chengjian19/HCI/sjc/HCIWeb/HCI/
*** WARNING: you are running uWSGI without its master process manager ***
your processes number limit is 4096
your memory page size is 4096 bytes
detected max file descriptor number: 1024
building mime-types dictionary from file /etc/mime.types...1060 entry found
lock engine: pthread robust mutexes
thunder lock: disabled (you can enable it with --thunder-lock)
probably another instance of uWSGI is running on the same address (0.0.0.0:18413).
bind(): Address already in use [core/socket.c line 769]
*** Starting uWSGI 2.0.18 (64bit) on [Sun Nov 24 09:33:35 2019] ***
compiled with version: 4.8.5 20150623 (Red Hat 4.8.5-16) on 23 November 2019 09:20:34
os: Linux-3.10.0-693.el7.x86_64 #1 SMP Tue Aug 22 21:09:27 UTC 2017
nodename: cu02
machine: x86_64
clock source: unix
pcre jit disabled
detected number of CPU cores: 16
current working directory: /data02/chengjian19/HCI/sjc/HCIWeb/HCI
detected binary path: /data02/chengjian19/anaconda3/envs/HCIWeb/bin/uwsgi
chdir() to /data02/chengjian19/HCI/sjc/HCIWeb/HCI/
*** WARNING: you are running uWSGI without its master process manager ***
your processes number limit is 4096
your memory page size is 4096 bytes
detected max file descriptor number: 1024
building mime-types dictionary from file /etc/mime.types...1060 entry found
lock engine: pthread robust mutexes
thunder lock: disabled (you can enable it with --thunder-lock)
probably another instance of uWSGI is running on the same address (0.0.0.0:18413).
bind(): Address already in use [core/socket.c line 769]
*** Starting uWSGI 2.0.18 (64bit) on [Sun Nov 24 09:35:22 2019] ***
compiled with version: 4.8.5 20150623 (Red Hat 4.8.5-16) on 23 November 2019 09:20:34
os: Linux-3.10.0-693.el7.x86_64 #1 SMP Tue Aug 22 21:09:27 UTC 2017
nodename: cu02
machine: x86_64
clock source: unix
pcre jit disabled
detected number of CPU cores: 16
current working directory: /data02/chengjian19/HCI/sjc/HCIWeb/HCI
detected binary path: /data02/chengjian19/anaconda3/envs/HCIWeb/bin/uwsgi
chdir() to /data02/chengjian19/HCI/sjc/HCIWeb/HCI/
*** WARNING: you are running uWSGI without its master process manager ***
your processes number limit is 4096
your memory page size is 4096 bytes
detected max file descriptor number: 1024
building mime-types dictionary from file /etc/mime.types...1060 entry found
lock engine: pthread robust mutexes
thunder lock: disabled (you can enable it with --thunder-lock)
probably another instance of uWSGI is running on the same address (0.0.0.0:18413).
bind(): Address already in use [core/socket.c line 769]
